<?xml version="1.0" encoding="UTF-8"?>
<!-- Generated by org.testng.reporters.JUnitXMLReporter -->
<testsuite hostname="Walkingtree-PC" ignored="0" name="Default test" tests="3" failures="0" timestamp="17 May 2018 14:28:17 GMT" time="39.239" errors="0">
  <testcase name="fieldVerificationInLoginpageSection" time="14.346" classname="com.tailorman.script.Login"/>
  <testcase name="checkAllLinkIsRedirectingToCorrectPageOrNotOrLinkIsClickableOrNot" time="22.403" classname="com.tailorman.script.Login"/>
  <testcase name="loginWithMultipleSetOfData" time="2.279" classname="com.tailorman.script.Login"/>
</testsuite> <!-- Default test -->
