<?xml version="1.0" encoding="UTF-8"?>
<!-- Generated by org.testng.reporters.JUnitXMLReporter -->
<testsuite hostname="Walkingtree-PC" ignored="0" name="Default test" tests="8" failures="0" timestamp="14 May 2018 13:59:07 GMT" time="36.931" errors="0">
  <testcase name="checkSearchBoxExistance" time="12.444" classname="TailorManWebsiteScript.SearchBox"/>
  <testcase name="checkSearchBoxInputDisplayingOrNot" time="0.139" classname="TailorManWebsiteScript.SearchBox"/>
  <testcase name="verifyplaceholder" time="0.045" classname="TailorManWebsiteScript.SearchBox"/>
  <testcase name="CheckUserIsAbleToTypeOrNot" time="0.131" classname="TailorManWebsiteScript.SearchBox"/>
  <testcase name="applicationResponseIfResultIsNotMatching" time="0.853" classname="TailorManWebsiteScript.SearchBox"/>
  <testcase name="searchBySkuNumber" time="6.515" classname="TailorManWebsiteScript.SearchBox"/>
  <testcase name="SearchByProductName" time="6.812" classname="TailorManWebsiteScript.SearchBox"/>
  <testcase name="SearchByProductCategory" time="9.788" classname="TailorManWebsiteScript.SearchBox"/>
</testsuite> <!-- Default test -->
