<?xml version="1.0" encoding="UTF-8"?>
<testng-results skipped="0" failed="0" ignored="0" total="2" passed="2">
  <reporter-output>
  </reporter-output>
  <suite name="Default suite" duration-ms="13179" started-at="2018-05-07T09:13:54Z" finished-at="2018-05-07T09:14:07Z">
    <groups>
    </groups>
    <test name="Default test" duration-ms="13179" started-at="2018-05-07T09:13:54Z" finished-at="2018-05-07T09:14:07Z">
      <class name="TailorManWebsiteScript.visitOurStore">
        <test-method status="PASS" signature="openBrowser(java.lang.String)[pri:0, instance:TailorManWebsiteScript.visitOurStore@1e127982]" name="openBrowser" is-config="true" duration-ms="16038" started-at="2018-05-07T14:43:38Z" finished-at="2018-05-07T14:43:54Z">
          <params>
            <param index="0">
              <value>
                <![CDATA[chrome]]>
              </value>
            </param>
          </params>
          <reporter-output>
          </reporter-output>
        </test-method> <!-- openBrowser -->
        <test-method status="PASS" signature="VerifyvisitOurStoreLinkExistance()[pri:1, instance:TailorManWebsiteScript.visitOurStore@1e127982]" name="VerifyvisitOurStoreLinkExistance" duration-ms="12588" started-at="2018-05-07T14:43:54Z" finished-at="2018-05-07T14:44:07Z">
          <reporter-output>
          </reporter-output>
        </test-method> <!-- VerifyvisitOurStoreLinkExistance -->
        <test-method status="PASS" signature="startMethod(org.testng.ITestResult)[pri:0, instance:TailorManWebsiteScript.visitOurStore@1e127982]" name="startMethod" is-config="true" duration-ms="121" started-at="2018-05-07T14:44:07Z" finished-at="2018-05-07T14:44:07Z">
          <params>
            <param index="0">
              <value>
                <![CDATA[[TestResult name=VerifyvisitOurStoreLinkExistance status=SUCCESS method=visitOurStore.VerifyvisitOurStoreLinkExistance()[pri:1, instance:TailorManWebsiteScript.visitOurStore@1e127982] output={null}]]]>
              </value>
            </param>
          </params>
          <reporter-output>
          </reporter-output>
        </test-method> <!-- startMethod -->
        <test-method status="PASS" signature="VisitOurStoreLinkRedirection()[pri:2, instance:TailorManWebsiteScript.visitOurStore@1e127982]" name="VisitOurStoreLinkRedirection" duration-ms="437" started-at="2018-05-07T14:44:07Z" finished-at="2018-05-07T14:44:07Z">
          <reporter-output>
          </reporter-output>
        </test-method> <!-- VisitOurStoreLinkRedirection -->
        <test-method status="PASS" signature="startMethod(org.testng.ITestResult)[pri:0, instance:TailorManWebsiteScript.visitOurStore@1e127982]" name="startMethod" is-config="true" duration-ms="0" started-at="2018-05-07T14:44:07Z" finished-at="2018-05-07T14:44:07Z">
          <params>
            <param index="0">
              <value>
                <![CDATA[[TestResult name=VisitOurStoreLinkRedirection status=SUCCESS method=visitOurStore.VisitOurStoreLinkRedirection()[pri:2, instance:TailorManWebsiteScript.visitOurStore@1e127982] output={null}]]]>
              </value>
            </param>
          </params>
          <reporter-output>
          </reporter-output>
        </test-method> <!-- startMethod -->
        <test-method status="PASS" signature="endSuite()[pri:0, instance:TailorManWebsiteScript.visitOurStore@1e127982]" name="endSuite" is-config="true" duration-ms="2514" started-at="2018-05-07T14:44:07Z" finished-at="2018-05-07T14:44:10Z">
          <reporter-output>
          </reporter-output>
        </test-method> <!-- endSuite -->
      </class> <!-- TailorManWebsiteScript.visitOurStore -->
    </test> <!-- Default test -->
  </suite> <!-- Default suite -->
</testng-results>
